<?xml version="1.0" encoding="UTF-8"?>
<!-- Generated by org.testng.reporters.JUnitXMLReporter -->
<testsuite ignored="0" hostname="NonOpsDev87" failures="1" tests="4" name="QuickLoad" time="33.193" errors="0" timestamp="2024-02-26T23:08:08 GMT+05:00">
  <testcase classname="GTZTransportation.gtz.CreateQuickLoad_AwardTest" name="spotQuote_QuickLoad_Tests" time="11.214">
    <skipped/>
  </testcase> <!-- spotQuote_QuickLoad_Tests -->
  <testcase classname="GTZTransportation.gtz.CreateQuickLoad_AwardTest" name="spotQuote_QuickLoad_Tests" time="5.024">
    <skipped/>
  </testcase> <!-- spotQuote_QuickLoad_Tests -->
  <testcase classname="GTZTransportation.gtz.CreateQuickLoad_AwardTest" name="spotQuote_QuickLoad_Tests" time="5.014">
    <skipped/>
  </testcase> <!-- spotQuote_QuickLoad_Tests -->
  <testcase classname="GTZTransportation.gtz.CreateQuickLoad_AwardTest" name="spotQuote_QuickLoad_Tests" time="5.014">
    <failure type="org.openqa.selenium.NoSuchElementException" message="no such element: Unable to locate element: {&amp;quot;method&amp;quot;:&amp;quot;xpath&amp;quot;,&amp;quot;selector&amp;quot;:&amp;quot;//*[text()=&amp;apos;Spot Quote system&amp;apos;]&amp;quot;}
  (Session info: chrome=122.0.6261.70)
For documentation on this error, please visit: https://www.selenium.dev/documentation/webdriver/troubleshooting/errors#no-such-element-exception
Build info: version: &amp;apos;4.18.1&amp;apos;, revision: &amp;apos;b1d3319b48&amp;apos;
System info: os.name: &amp;apos;Windows 11&amp;apos;, os.arch: &amp;apos;amd64&amp;apos;, os.version: &amp;apos;10.0&amp;apos;, java.version: &amp;apos;17.0.9&amp;apos;
Driver info: org.openqa.selenium.chrome.ChromeDriver
Command: [e0892950ad0f9ea91a699f446f9b09ad, findElement {value=//*[text()=&amp;apos;Spot Quote system&amp;apos;], using=xpath}]
Capabilities {acceptInsecureCerts: false, browserName: chrome, browserVersion: 122.0.6261.70, chrome: {chromedriverVersion: 122.0.6261.69 (81bc525b6a36..., userDataDir: C:\Users\LOCAL_~2.TAR\Temp\...}, fedcm:accounts: true, goog:chromeOptions: {debuggerAddress: localhost:60918}, networkConnectionEnabled: false, pageLoadStrategy: normal, platformName: windows, proxy: Proxy(), se:cdp: ws://localhost:60918/devtoo..., se:cdpVersion: 122.0.6261.70, setWindowRect: true, strictFileInteractability: false, timeouts: {implicit: 0, pageLoad: 300000, script: 30000}, unhandledPromptBehavior: dismiss and notify, webauthn:extension:credBlob: true, webauthn:extension:largeBlob: true, webauthn:extension:minPinLength: true, webauthn:extension:prf: true, webauthn:virtualAuthenticators: true}
Session ID: e0892950ad0f9ea91a699f446f9b09ad">
      <![CDATA[org.openqa.selenium.NoSuchElementException: no such element: Unable to locate element: {"method":"xpath","selector":"//*[text()='Spot Quote system']"}
  (Session info: chrome=122.0.6261.70)
For documentation on this error, please visit: https://www.selenium.dev/documentation/webdriver/troubleshooting/errors#no-such-element-exception
Build info: version: '4.18.1', revision: 'b1d3319b48'
System info: os.name: 'Windows 11', os.arch: 'amd64', os.version: '10.0', java.version: '17.0.9'
Driver info: org.openqa.selenium.chrome.ChromeDriver
Command: [e0892950ad0f9ea91a699f446f9b09ad, findElement {value=//*[text()='Spot Quote system'], using=xpath}]
Capabilities {acceptInsecureCerts: false, browserName: chrome, browserVersion: 122.0.6261.70, chrome: {chromedriverVersion: 122.0.6261.69 (81bc525b6a36..., userDataDir: C:\Users\LOCAL_~2.TAR\Temp\...}, fedcm:accounts: true, goog:chromeOptions: {debuggerAddress: localhost:60918}, networkConnectionEnabled: false, pageLoadStrategy: normal, platformName: windows, proxy: Proxy(), se:cdp: ws://localhost:60918/devtoo..., se:cdpVersion: 122.0.6261.70, setWindowRect: true, strictFileInteractability: false, timeouts: {implicit: 0, pageLoad: 300000, script: 30000}, unhandledPromptBehavior: dismiss and notify, webauthn:extension:credBlob: true, webauthn:extension:largeBlob: true, webauthn:extension:minPinLength: true, webauthn:extension:prf: true, webauthn:virtualAuthenticators: true}
Session ID: e0892950ad0f9ea91a699f446f9b09ad
at org.openqa.selenium.remote.ErrorCodec.decode(ErrorCodec.java:167)
at org.openqa.selenium.remote.codec.w3c.W3CHttpResponseCodec.decode(W3CHttpResponseCodec.java:138)
at org.openqa.selenium.remote.codec.w3c.W3CHttpResponseCodec.decode(W3CHttpResponseCodec.java:50)
at org.openqa.selenium.remote.HttpCommandExecutor.execute(HttpCommandExecutor.java:190)
at org.openqa.selenium.remote.service.DriverCommandExecutor.invokeExecute(DriverCommandExecutor.java:216)
at org.openqa.selenium.remote.service.DriverCommandExecutor.execute(DriverCommandExecutor.java:174)
at org.openqa.selenium.remote.RemoteWebDriver.execute(RemoteWebDriver.java:519)
at org.openqa.selenium.remote.ElementLocation$ElementFinder$2.findElement(ElementLocation.java:165)
at org.openqa.selenium.remote.ElementLocation.findElement(ElementLocation.java:59)
at org.openqa.selenium.remote.RemoteWebDriver.findElement(RemoteWebDriver.java:356)
at org.openqa.selenium.remote.RemoteWebDriver.findElement(RemoteWebDriver.java:350)
at org.openqa.selenium.support.pagefactory.DefaultElementLocator.findElement(DefaultElementLocator.java:68)
at org.openqa.selenium.support.pagefactory.internal.LocatingElementHandler.invoke(LocatingElementHandler.java:38)
at jdk.proxy2/jdk.proxy2.$Proxy13.click(Unknown Source)
at GTZTransportation.pages.CreateQuickLoad_Award.openSpotQuote(CreateQuickLoad_Award.java:184)
at GTZTransportation.gtz.CreateQuickLoad_AwardTest.spotQuote_QuickLoad_Tests(CreateQuickLoad_AwardTest.java:30)
at java.base/java.util.ArrayList.forEach(ArrayList.java:1511)
... Removed 32 stack frames]]>
    </failure>
  </testcase> <!-- spotQuote_QuickLoad_Tests -->
</testsuite> <!-- QuickLoad -->
