<?xml version="1.0" encoding="UTF-8"?>
<!-- Generated by org.testng.reporters.JUnitXMLReporter -->
<testsuite ignored="0" hostname="NonOpsDev87" failures="0" tests="1" name="LPS_MyShipments" time="0.559" errors="0" timestamp="2024-02-19T20:30:45 GMT+05:00">
  <testcase classname="GTZTransportation.gtz.LPS_MyShipmentsTest" name="@BeforeTest setup" time="0.5">
    <failure type="java.lang.NoSuchMethodError" message="&amp;apos;void org.openqa.selenium.chrome.ChromeDriverService$Builder.parseLogOutput(java.lang.String)&amp;apos;">
      <![CDATA[java.lang.NoSuchMethodError: 'void org.openqa.selenium.chrome.ChromeDriverService$Builder.parseLogOutput(java.lang.String)'
at org.openqa.selenium.chrome.ChromeDriverService$Builder.loadSystemProperties(ChromeDriverService.java:257)
at org.openqa.selenium.remote.service.DriverService$Builder.build(DriverService.java:489)
at org.openqa.selenium.chrome.ChromeDriverService.createDefaultService(ChromeDriverService.java:137)
at org.openqa.selenium.chrome.ChromeDriver.<init>(ChromeDriver.java:52)
at GTZTransportation.gtz.BaseClass.initialization(BaseClass.java:35)
at GTZTransportation.gtz.LPS_MyShipmentsTest.setup(LPS_MyShipmentsTest.java:23)
... Removed 24 stack frames]]>
    </failure>
  </testcase> <!-- @BeforeTest setup -->
  <testcase classname="GTZTransportation.gtz.LPS_MyShipmentsTest" name="@AfterTest tearDown" time="-1.708356645429E9">
    <skipped/>
  </testcase> <!-- @AfterTest tearDown -->
  <testcase classname="GTZTransportation.gtz.LPS_MyShipmentsTest" name="LPS_MyshipmentsTest" time="0.0">
    <skipped/>
  </testcase> <!-- LPS_MyshipmentsTest -->
</testsuite> <!-- LPS_MyShipments -->
