<?xml version="1.0" encoding="UTF-8"?>
<testng-results ignored="0" total="1" passed="1" failed="0" skipped="0">
  <reporter-output>
  </reporter-output>
  <suite started-at="2024-01-17T15:19:21 GMT+05:00" name="Default suite" finished-at="2024-01-17T15:20:08 GMT+05:00" duration-ms="47241">
    <groups>
      <group name="Regression">
        <method signature="KeyRevenue_AdminTest.FreightPayment_Admin_tests()[pri:1, instance:GTZTransportation.gtz.KeyRevenue_AdminTest@6e6f2380]" name="FreightPayment_Admin_tests" class="GTZTransportation.gtz.KeyRevenue_AdminTest"/>
      </group> <!-- Regression -->
    </groups>
    <test started-at="2024-01-17T15:19:21 GMT+05:00" name="Default test" finished-at="2024-01-17T15:20:08 GMT+05:00" duration-ms="47241">
      <class name="GTZTransportation.gtz.KeyRevenue_AdminTest">
        <test-method is-config="true" signature="setup()[pri:0, instance:GTZTransportation.gtz.KeyRevenue_AdminTest@6e6f2380]" started-at="2024-01-17T15:19:21 GMT+05:00" name="setup" finished-at="2024-01-17T15:19:29 GMT+05:00" duration-ms="7626" status="PASS">
          <reporter-output>
          </reporter-output>
        </test-method> <!-- setup -->
        <test-method signature="FreightPayment_Admin_tests()[pri:1, instance:GTZTransportation.gtz.KeyRevenue_AdminTest@6e6f2380]" started-at="2024-01-17T15:19:29 GMT+05:00" name="FreightPayment_Admin_tests" finished-at="2024-01-17T15:20:08 GMT+05:00" duration-ms="39562" status="PASS">
          <reporter-output>
          </reporter-output>
        </test-method> <!-- FreightPayment_Admin_tests -->
      </class> <!-- GTZTransportation.gtz.KeyRevenue_AdminTest -->
    </test> <!-- Default test -->
  </suite> <!-- Default suite -->
</testng-results>
