<?xml version="1.0" encoding="UTF-8"?>
<testng-results ignored="0" total="4" passed="4" failed="0" skipped="0">
  <reporter-output>
  </reporter-output>
  <suite started-at="2023-12-25T18:06:45 GMT+05:00" name="GTZ_CustomerCarrier" finished-at="2023-12-25T18:08:44 GMT+05:00" duration-ms="118596">
    <groups>
      <group name="Regression">
        <method signature="LPSCustomer_Carrier_CustomerListTest.CustomerCarriers_CustomerList_tests()[pri:1, instance:GTZTransportation.gtz.LPSCustomer_Carrier_CustomerListTest@740cae06]" name="CustomerCarriers_CustomerList_tests" class="GTZTransportation.gtz.LPSCustomer_Carrier_CustomerListTest"/>
        <method signature="LPSCustomer_Carrier_ProspectQueueTest.CustomerCarriers_CustomerList_tests()[pri:1, instance:GTZTransportation.gtz.LPSCustomer_Carrier_ProspectQueueTest@4a83a74a]" name="CustomerCarriers_CustomerList_tests" class="GTZTransportation.gtz.LPSCustomer_Carrier_ProspectQueueTest"/>
        <method signature="LPSCustomer_Carrier_CarrierListTest.CustomerCarriers_CarrierList_tests()[pri:1, instance:GTZTransportation.gtz.LPSCustomer_Carrier_CarrierListTest@35dab4eb]" name="CustomerCarriers_CarrierList_tests" class="GTZTransportation.gtz.LPSCustomer_Carrier_CarrierListTest"/>
        <method signature="LPSCustomer_Carrier_CarrierImportTest.CustomerCarriers_CarrierImport_tests()[pri:1, instance:GTZTransportation.gtz.LPSCustomer_Carrier_CarrierImportTest@72035809]" name="CustomerCarriers_CarrierImport_tests" class="GTZTransportation.gtz.LPSCustomer_Carrier_CarrierImportTest"/>
      </group> <!-- Regression -->
    </groups>
    <test started-at="2023-12-25T18:06:45 GMT+05:00" name="CustomerCarrier-CustomerList" finished-at="2023-12-25T18:07:23 GMT+05:00" duration-ms="37456">
      <class name="GTZTransportation.gtz.LPSCustomer_Carrier_CustomerListTest">
        <test-method is-config="true" signature="setup()[pri:0, instance:GTZTransportation.gtz.LPSCustomer_Carrier_CustomerListTest@740cae06]" started-at="2023-12-25T18:06:45 GMT+05:00" name="setup" finished-at="2023-12-25T18:06:52 GMT+05:00" duration-ms="6404" status="PASS">
          <reporter-output>
          </reporter-output>
        </test-method> <!-- setup -->
        <test-method signature="CustomerCarriers_CustomerList_tests()[pri:1, instance:GTZTransportation.gtz.LPSCustomer_Carrier_CustomerListTest@740cae06]" started-at="2023-12-25T18:06:52 GMT+05:00" name="CustomerCarriers_CustomerList_tests" finished-at="2023-12-25T18:07:22 GMT+05:00" duration-ms="30628" status="PASS">
          <reporter-output>
          </reporter-output>
        </test-method> <!-- CustomerCarriers_CustomerList_tests -->
        <test-method is-config="true" signature="tearDown()[pri:0, instance:GTZTransportation.gtz.LPSCustomer_Carrier_CustomerListTest@740cae06]" started-at="2023-12-25T18:07:22 GMT+05:00" name="tearDown" finished-at="2023-12-25T18:07:23 GMT+05:00" duration-ms="387" status="PASS">
          <reporter-output>
          </reporter-output>
        </test-method> <!-- tearDown -->
      </class> <!-- GTZTransportation.gtz.LPSCustomer_Carrier_CustomerListTest -->
    </test> <!-- CustomerCarrier-CustomerList -->
    <test started-at="2023-12-25T18:07:23 GMT+05:00" name="CustomerCarrier-Prospect Queue" finished-at="2023-12-25T18:08:01 GMT+05:00" duration-ms="38443">
      <class name="GTZTransportation.gtz.LPSCustomer_Carrier_ProspectQueueTest">
        <test-method is-config="true" signature="setup()[pri:0, instance:GTZTransportation.gtz.LPSCustomer_Carrier_ProspectQueueTest@4a83a74a]" started-at="2023-12-25T18:07:23 GMT+05:00" name="setup" finished-at="2023-12-25T18:07:28 GMT+05:00" duration-ms="4903" status="PASS">
          <reporter-output>
          </reporter-output>
        </test-method> <!-- setup -->
        <test-method signature="CustomerCarriers_CustomerList_tests()[pri:1, instance:GTZTransportation.gtz.LPSCustomer_Carrier_ProspectQueueTest@4a83a74a]" started-at="2023-12-25T18:07:28 GMT+05:00" name="CustomerCarriers_CustomerList_tests" finished-at="2023-12-25T18:08:01 GMT+05:00" duration-ms="33164" status="PASS">
          <reporter-output>
          </reporter-output>
        </test-method> <!-- CustomerCarriers_CustomerList_tests -->
        <test-method is-config="true" signature="tearDown()[pri:0, instance:GTZTransportation.gtz.LPSCustomer_Carrier_ProspectQueueTest@4a83a74a]" started-at="2023-12-25T18:08:01 GMT+05:00" name="tearDown" finished-at="2023-12-25T18:08:01 GMT+05:00" duration-ms="360" status="PASS">
          <reporter-output>
          </reporter-output>
        </test-method> <!-- tearDown -->
      </class> <!-- GTZTransportation.gtz.LPSCustomer_Carrier_ProspectQueueTest -->
    </test> <!-- CustomerCarrier-Prospect Queue -->
    <test started-at="2023-12-25T18:08:01 GMT+05:00" name="CustomerCarrier-Carrier List" finished-at="2023-12-25T18:08:33 GMT+05:00" duration-ms="32115">
      <class name="GTZTransportation.gtz.LPSCustomer_Carrier_CarrierListTest">
        <test-method is-config="true" signature="setup()[pri:0, instance:GTZTransportation.gtz.LPSCustomer_Carrier_CarrierListTest@35dab4eb]" started-at="2023-12-25T18:08:01 GMT+05:00" name="setup" finished-at="2023-12-25T18:08:06 GMT+05:00" duration-ms="5329" status="PASS">
          <reporter-output>
          </reporter-output>
        </test-method> <!-- setup -->
        <test-method signature="CustomerCarriers_CarrierList_tests()[pri:1, instance:GTZTransportation.gtz.LPSCustomer_Carrier_CarrierListTest@35dab4eb]" started-at="2023-12-25T18:08:06 GMT+05:00" name="CustomerCarriers_CarrierList_tests" finished-at="2023-12-25T18:08:33 GMT+05:00" duration-ms="26353" status="PASS">
          <reporter-output>
          </reporter-output>
        </test-method> <!-- CustomerCarriers_CarrierList_tests -->
        <test-method is-config="true" signature="tearDown()[pri:0, instance:GTZTransportation.gtz.LPSCustomer_Carrier_CarrierListTest@35dab4eb]" started-at="2023-12-25T18:08:33 GMT+05:00" name="tearDown" finished-at="2023-12-25T18:08:33 GMT+05:00" duration-ms="432" status="PASS">
          <reporter-output>
          </reporter-output>
        </test-method> <!-- tearDown -->
      </class> <!-- GTZTransportation.gtz.LPSCustomer_Carrier_CarrierListTest -->
    </test> <!-- CustomerCarrier-Carrier List -->
    <test started-at="2023-12-25T18:08:33 GMT+05:00" name="CustomerCarrier-Carrier Import" finished-at="2023-12-25T18:08:44 GMT+05:00" duration-ms="10559">
      <class name="GTZTransportation.gtz.LPSCustomer_Carrier_CarrierImportTest">
        <test-method is-config="true" signature="setup()[pri:0, instance:GTZTransportation.gtz.LPSCustomer_Carrier_CarrierImportTest@72035809]" started-at="2023-12-25T18:08:33 GMT+05:00" name="setup" finished-at="2023-12-25T18:08:38 GMT+05:00" duration-ms="5236" status="PASS">
          <reporter-output>
          </reporter-output>
        </test-method> <!-- setup -->
        <test-method signature="CustomerCarriers_CarrierImport_tests()[pri:1, instance:GTZTransportation.gtz.LPSCustomer_Carrier_CarrierImportTest@72035809]" started-at="2023-12-25T18:08:38 GMT+05:00" name="CustomerCarriers_CarrierImport_tests" finished-at="2023-12-25T18:08:43 GMT+05:00" duration-ms="4952" status="PASS">
          <reporter-output>
          </reporter-output>
        </test-method> <!-- CustomerCarriers_CarrierImport_tests -->
        <test-method is-config="true" signature="tearDown()[pri:0, instance:GTZTransportation.gtz.LPSCustomer_Carrier_CarrierImportTest@72035809]" started-at="2023-12-25T18:08:43 GMT+05:00" name="tearDown" finished-at="2023-12-25T18:08:44 GMT+05:00" duration-ms="370" status="PASS">
          <reporter-output>
          </reporter-output>
        </test-method> <!-- tearDown -->
      </class> <!-- GTZTransportation.gtz.LPSCustomer_Carrier_CarrierImportTest -->
    </test> <!-- CustomerCarrier-Carrier Import -->
  </suite> <!-- GTZ_CustomerCarrier -->
</testng-results>
